

***********************************************************************
Fatal NI connect error 12528, connecting to:
 (DESCRIPTION=(ADDRESS=(PROTOCOL=TCP)(HOST=zeusrac.supersolidaria.gov.co)(PORT=1521))(CONNECT_DATA=(SERVICE_NAME=ORFEO)(CID=(PROGRAM=apache2)(HOST=debian)(USER=www-data))))

  VERSION INFORMATION:
	TNS for Linux: Version 10.1.0.5.0 - Production
	TCP/IP NT Protocol Adapter for Linux: Version 10.1.0.5.0 - Production
  Time: 24-OCT-2012 18:36:15
  Tracing not turned on.
  Tns error struct:
    ns main err code: 12564
    TNS-12564: Message 12564 not found; No message file for product=network, facility=TNS
    ns secondary err code: 0
    nt main err code: 0
    nt secondary err code: 0
    nt OS err code: 0


***********************************************************************
Fatal NI connect error 12514, connecting to:
 (DESCRIPTION=(ADDRESS=(PROTOCOL=TCP)(HOST=zeusrac.supersolidaria.gov.co)(PORT=1521))(CONNECT_DATA=(SERVICE_NAME=ORFEO)(CID=(PROGRAM=apache2)(HOST=debian)(USER=www-data))))

  VERSION INFORMATION:
	TNS for Linux: Version 10.1.0.5.0 - Production
	TCP/IP NT Protocol Adapter for Linux: Version 10.1.0.5.0 - Production
  Time: 24-OCT-2012 18:36:26
  Tracing not turned on.
  Tns error struct:
    ns main err code: 12564
    TNS-12564: Message 12564 not found; No message file for product=network, facility=TNS
    ns secondary err code: 0
    nt main err code: 0
    nt secondary err code: 0
    nt OS err code: 0


***********************************************************************
Fatal NI connect error 12514, connecting to:
 (DESCRIPTION=(ADDRESS=(PROTOCOL=TCP)(HOST=zeusrac.supersolidaria.gov.co)(PORT=1521))(CONNECT_DATA=(SERVICE_NAME=ORFEO)(CID=(PROGRAM=apache2)(HOST=debian)(USER=www-data))))

  VERSION INFORMATION:
	TNS for Linux: Version 10.1.0.5.0 - Production
	TCP/IP NT Protocol Adapter for Linux: Version 10.1.0.5.0 - Production
  Time: 24-OCT-2012 18:36:30
  Tracing not turned on.
  Tns error struct:
    ns main err code: 12564
    TNS-12564: Message 12564 not found; No message file for product=network, facility=TNS
    ns secondary err code: 0
    nt main err code: 0
    nt secondary err code: 0
    nt OS err code: 0
